id 1, size 10, accessTime 0
status: id 1, state 1, accessType 0, exception 0
data: 1 255 0 0 0 0 0 0 0 0 

id 2, size 10, accessTime 0
status: id 2, state 1, accessType 0, exception 0
data: 1 255 0 0 0 0 0 0 0 0 

id 3, size 10, accessTime 0
status: id 3, state 1, accessType 0, exception 0
data: 1 255 0 0 0 0 0 0 0 0 

id 4, size 10, accessTime 0
status: id 4, state 1, accessType 0, exception 0
data: 1 255 0 0 0 0 0 0 0 0 

id 5, size 10, accessTime 0
status: id 5, state 1, accessType 0, exception 0
data: 1 255 0 0 0 0 0 0 0 0 

id 6, size 10, accessTime 0
status: id 6, state 1, accessType 0, exception 0
data: 1 255 0 0 0 0 0 0 0 0 

id 7, size 10, accessTime 0
status: id 7, state 1, accessType 0, exception 0
data: 1 255 0 0 0 0 0 0 0 0 

id 8, size 10, accessTime 0
status: id 8, state 1, accessType 0, exception 0
data: 1 255 0 0 0 0 0 0 0 0 

id 9, size 10, accessTime 0
status: id 9, state 1, accessType 0, exception 0
data: 1 255 0 0 0 0 0 0 0 0 

id 10, size 10, accessTime 0
status: id 10, state 1, accessType 0, exception 0
data: 1 255 0 0 0 0 0 0 0 0 

